# JRE version: Java(TM) SE Runtime Environment (8.0_241-b07) (build 1.8.0_241-b07)
# Java VM: Java HotSpot(TM) 64-Bit Server VM (25.241-b07 mixed mode windows-amd64 compressed oops)
Heap:
 PSYoungGen      total 233984K, used 21238K [0x00000000d5f00000, 0x00000000e8800000, 0x0000000100000000)
  eden space 216064K, 9% used [0x00000000d5f00000,0x00000000d73bdbc0,0x00000000e3200000)
  from space 17920K, 0% used [0x00000000e7680000,0x00000000e7680000,0x00000000e8800000)
  to   space 18432K, 0% used [0x00000000e3200000,0x00000000e3200000,0x00000000e4400000)
 ParOldGen       total 119296K, used 21542K [0x0000000081c00000, 0x0000000089080000, 0x00000000d5f00000)
  object space 119296K, 18% used [0x0000000081c00000,0x0000000083109938,0x0000000089080000)
 Metaspace       used 57506K, capacity 61121K, committed 61352K, reserved 1101824K
  class space    used 8166K, capacity 8831K, committed 8872K, reserved 1048576K
GC Heap History (10 events):
Event: 5.164 GC heap before
{Heap before GC invocations=12 (full 2):
 PSYoungGen      total 179200K, used 165376K [0x00000000d5f00000, 0x00000000e5600000, 0x0000000100000000)
  eden space 165376K, 100% used [0x00000000d5f00000,0x00000000e0080000,0x00000000e0080000)
  from space 13824K, 0% used [0x00000000e0080000,0x00000000e0080000,0x00000000e0e00000)
  to   space 13824K, 0% used [0x00000000e4880000,0x00000000e4880000,0x00000000e5600000)
 ParOldGen       total 83968K, used 14813K [0x0000000081c00000, 0x0000000086e00000, 0x00000000d5f00000)
  object space 83968K, 17% used [0x0000000081c00000,0x0000000082a77570,0x0000000086e00000)
 Metaspace       used 50952K, capacity 53763K, committed 53928K, reserved 1095680K
  class space    used 7214K, capacity 7756K, committed 7848K, reserved 1048576K
Event: 5.181 GC heap after
Heap after GC invocations=12 (full 2):
 PSYoungGen      total 227840K, used 13817K [0x00000000d5f00000, 0x00000000e5600000, 0x0000000100000000)
  eden space 214016K, 0% used [0x00000000d5f00000,0x00000000d5f00000,0x00000000e3000000)
  from space 13824K, 99% used [0x00000000e4880000,0x00000000e55fe6f8,0x00000000e5600000)
  to   space 18432K, 0% used [0x00000000e3200000,0x00000000e3200000,0x00000000e4400000)
 ParOldGen       total 83968K, used 21967K [0x0000000081c00000, 0x0000000086e00000, 0x00000000d5f00000)
  object space 83968K, 26% used [0x0000000081c00000,0x0000000083173dd0,0x0000000086e00000)
 Metaspace       used 50952K, capacity 53763K, committed 53928K, reserved 1095680K
  class space    used 7214K, capacity 7756K, committed 7848K, reserved 1048576K
}
Event: 23.086 GC heap before
{Heap before GC invocations=13 (full 2):
 PSYoungGen      total 227840K, used 87075K [0x00000000d5f00000, 0x00000000e5600000, 0x0000000100000000)
  eden space 214016K, 34% used [0x00000000d5f00000,0x00000000da68a888,0x00000000e3000000)
  from space 13824K, 99% used [0x00000000e4880000,0x00000000e55fe6f8,0x00000000e5600000)
  to   space 18432K, 0% used [0x00000000e3200000,0x00000000e3200000,0x00000000e4400000)
 ParOldGen       total 83968K, used 21967K [0x0000000081c00000, 0x0000000086e00000, 0x00000000d5f00000)
  object space 83968K, 26% used [0x0000000081c00000,0x0000000083173dd0,0x0000000086e00000)
 Metaspace       used 55499K, capacity 59025K, committed 59160K, reserved 1099776K
  class space    used 7892K, capacity 8535K, committed 8616K, reserved 1048576K
Event: 23.112 GC heap after
Heap after GC invocations=13 (full 2):
 PSYoungGen      total 234496K, used 6219K [0x00000000d5f00000, 0x00000000e8800000, 0x0000000100000000)
  eden space 216064K, 0% used [0x00000000d5f00000,0x00000000d5f00000,0x00000000e3200000)
  from space 18432K, 33% used [0x00000000e3200000,0x00000000e3812dc0,0x00000000e4400000)
  to   space 17920K, 0% used [0x00000000e7680000,0x00000000e7680000,0x00000000e8800000)
 ParOldGen       total 83968K, used 28749K [0x0000000081c00000, 0x0000000086e00000, 0x00000000d5f00000)
  object space 83968K, 34% used [0x0000000081c00000,0x0000000083813708,0x0000000086e00000)
 Metaspace       used 55499K, capacity 59025K, committed 59160K, reserved 1099776K
  class space    used 7892K, capacity 8535K, committed 8616K, reserved 1048576K
}
Event: 23.112 GC heap before
{Heap before GC invocations=14 (full 3):
 PSYoungGen      total 234496K, used 6219K [0x00000000d5f00000, 0x00000000e8800000, 0x0000000100000000)
  eden space 216064K, 0% used [0x00000000d5f00000,0x00000000d5f00000,0x00000000e3200000)
  from space 18432K, 33% used [0x00000000e3200000,0x00000000e3812dc0,0x00000000e4400000)
  to   space 17920K, 0% used [0x00000000e7680000,0x00000000e7680000,0x00000000e8800000)
 ParOldGen       total 83968K, used 28749K [0x0000000081c00000, 0x0000000086e00000, 0x00000000d5f00000)
  object space 83968K, 34% used [0x0000000081c00000,0x0000000083813708,0x0000000086e00000)
 Metaspace       used 55499K, capacity 59025K, committed 59160K, reserved 1099776K
  class space    used 7892K, capacity 8535K, committed 8616K, reserved 1048576K
Event: 23.427 GC heap after
Heap after GC invocations=14 (full 3):
 PSYoungGen      total 234496K, used 0K [0x00000000d5f00000, 0x00000000e8800000, 0x0000000100000000)
  eden space 216064K, 0% used [0x00000000d5f00000,0x00000000d5f00000,0x00000000e3200000)
  from space 18432K, 0% used [0x00000000e3200000,0x00000000e3200000,0x00000000e4400000)
  to   space 17920K, 0% used [0x00000000e7680000,0x00000000e7680000,0x00000000e8800000)
 ParOldGen       total 119296K, used 24444K [0x0000000081c00000, 0x0000000089080000, 0x00000000d5f00000)
  object space 119296K, 20% used [0x0000000081c00000,0x00000000833df038,0x0000000089080000)
 Metaspace       used 55499K, capacity 59025K, committed 59160K, reserved 1099776K
  class space    used 7892K, capacity 8535K, committed 8616K, reserved 1048576K
}
Event: 915.663 GC heap before
{Heap before GC invocations=15 (full 3):
 PSYoungGen      total 234496K, used 73077K [0x00000000d5f00000, 0x00000000e8800000, 0x0000000100000000)
  eden space 216064K, 33% used [0x00000000d5f00000,0x00000000da65d708,0x00000000e3200000)
  from space 18432K, 0% used [0x00000000e3200000,0x00000000e3200000,0x00000000e4400000)
  to   space 17920K, 0% used [0x00000000e7680000,0x00000000e7680000,0x00000000e8800000)
 ParOldGen       total 119296K, used 24444K [0x0000000081c00000, 0x0000000089080000, 0x00000000d5f00000)
  object space 119296K, 20% used [0x0000000081c00000,0x00000000833df038,0x0000000089080000)
 Metaspace       used 57494K, capacity 61097K, committed 61352K, reserved 1101824K
  class space    used 8163K, capacity 8826K, committed 8872K, reserved 1048576K
Event: 915.668 GC heap after
Heap after GC invocations=15 (full 3):
 PSYoungGen      total 233984K, used 2317K [0x00000000d5f00000, 0x00000000e8800000, 0x0000000100000000)
  eden space 216064K, 0% used [0x00000000d5f00000,0x00000000d5f00000,0x00000000e3200000)
  from space 17920K, 12% used [0x00000000e7680000,0x00000000e78c3610,0x00000000e8800000)
  to   space 18432K, 0% used [0x00000000e3200000,0x00000000e3200000,0x00000000e4400000)
 ParOldGen       total 119296K, used 24452K [0x0000000081c00000, 0x0000000089080000, 0x00000000d5f00000)
  object space 119296K, 20% used [0x0000000081c00000,0x00000000833e1038,0x0000000089080000)
 Metaspace       used 57494K, capacity 61097K, committed 61352K, reserved 1101824K
  class space    used 8163K, capacity 8826K, committed 8872K, reserved 1048576K
}
Event: 915.668 GC heap before
{Heap before GC invocations=16 (full 4):
 PSYoungGen      total 233984K, used 2317K [0x00000000d5f00000, 0x00000000e8800000, 0x0000000100000000)
  eden space 216064K, 0% used [0x00000000d5f00000,0x00000000d5f00000,0x00000000e3200000)
  from space 17920K, 12% used [0x00000000e7680000,0x00000000e78c3610,0x00000000e8800000)
  to   space 18432K, 0% used [0x00000000e3200000,0x00000000e3200000,0x00000000e4400000)
 ParOldGen       total 119296K, used 24452K [0x0000000081c00000, 0x0000000089080000, 0x00000000d5f00000)
  object space 119296K, 20% used [0x0000000081c00000,0x00000000833e1038,0x0000000089080000)
 Metaspace       used 57494K, capacity 61097K, committed 61352K, reserved 1101824K
  class space    used 8163K, capacity 8826K, committed 8872K, reserved 1048576K
Event: 915.945 GC heap after
Heap after GC invocations=16 (full 4):
 PSYoungGen      total 233984K, used 0K [0x00000000d5f00000, 0x00000000e8800000, 0x0000000100000000)
  eden space 216064K, 0% used [0x00000000d5f00000,0x00000000d5f00000,0x00000000e3200000)
  from space 17920K, 0% used [0x00000000e7680000,0x00000000e7680000,0x00000000e8800000)
  to   space 18432K, 0% used [0x00000000e3200000,0x00000000e3200000,0x00000000e4400000)
 ParOldGen       total 119296K, used 21542K [0x0000000081c00000, 0x0000000089080000, 0x00000000d5f00000)
  object space 119296K, 18% used [0x0000000081c00000,0x0000000083109938,0x0000000089080000)
 Metaspace       used 57494K, capacity 61097K, committed 61352K, reserved 1101824K
  class space    used 8163K, capacity 8826K, committed 8872K, reserved 1048576K
}

